# JRE version: Java(TM) SE Runtime Environment (8.0_131-b11) (build 1.8.0_131-b11)
# Java VM: Java HotSpot(TM) 64-Bit Server VM (25.131-b11 mixed mode linux-amd64 compressed oops)
Heap:
 def new generation   total 36544K, used 0K [0x00000000f0800000, 0x00000000f2fa0000, 0x00000000f5aa0000)
  eden space 32512K,   0% used [0x00000000f0800000, 0x00000000f0800000, 0x00000000f27c0000)
  from space 4032K,   0% used [0x00000000f2bb0000, 0x00000000f2bb0000, 0x00000000f2fa0000)
  to   space 4032K,   0% used [0x00000000f27c0000, 0x00000000f27c0000, 0x00000000f2bb0000)
 tenured generation   total 90872K, used 89442K [0x00000000f5aa0000, 0x00000000fb35e000, 0x0000000100000000)
   the space 90872K,  98% used [0x00000000f5aa0000, 0x00000000fb1f8948, 0x00000000fb1f8a00, 0x00000000fb35e000)
 Metaspace       used 31528K, capacity 31963K, committed 32256K, reserved 1075200K
  class space    used 5703K, capacity 5824K, committed 5888K, reserved 1048576K
GC Heap History (10 events):
Event: 15.150 GC heap after
Heap after GC invocations=43 (full 5):
 def new generation   total 36544K, used 877K [0x00000000f0800000, 0x00000000f2fa0000, 0x00000000f5aa0000)
  eden space 32512K,   0% used [0x00000000f0800000, 0x00000000f0800000, 0x00000000f27c0000)
  from space 4032K,  21% used [0x00000000f27c0000, 0x00000000f289b748, 0x00000000f2bb0000)
  to   space 4032K,   0% used [0x00000000f2bb0000, 0x00000000f2bb0000, 0x00000000f2fa0000)
 tenured generation   total 81024K, used 58460K [0x00000000f5aa0000, 0x00000000fa9c0000, 0x0000000100000000)
   the space 81024K,  72% used [0x00000000f5aa0000, 0x00000000f93b7010, 0x00000000f93b7200, 0x00000000fa9c0000)
 Metaspace       used 29503K, capacity 29833K, committed 30080K, reserved 1073152K
  class space    used 5328K, capacity 5448K, committed 5504K, reserved 1048576K
}
Event: 15.241 GC heap before
{Heap before GC invocations=43 (full 5):
 def new generation   total 36544K, used 32088K [0x00000000f0800000, 0x00000000f2fa0000, 0x00000000f5aa0000)
  eden space 32512K,  95% used [0x00000000f0800000, 0x00000000f267aa38, 0x00000000f27c0000)
  from space 4032K,  21% used [0x00000000f27c0000, 0x00000000f289b748, 0x00000000f2bb0000)
  to   space 4032K,   0% used [0x00000000f2bb0000, 0x00000000f2bb0000, 0x00000000f2fa0000)
 tenured generation   total 81024K, used 58460K [0x00000000f5aa0000, 0x00000000fa9c0000, 0x0000000100000000)
   the space 81024K,  72% used [0x00000000f5aa0000, 0x00000000f93b7010, 0x00000000f93b7200, 0x00000000fa9c0000)
 Metaspace       used 29578K, capacity 29929K, committed 30080K, reserved 1073152K
  class space    used 5354K, capacity 5480K, committed 5504K, reserved 1048576K
Event: 15.247 GC heap after
Heap after GC invocations=44 (full 5):
 def new generation   total 36544K, used 891K [0x00000000f0800000, 0x00000000f2fa0000, 0x00000000f5aa0000)
  eden space 32512K,   0% used [0x00000000f0800000, 0x00000000f0800000, 0x00000000f27c0000)
  from space 4032K,  22% used [0x00000000f2bb0000, 0x00000000f2c8efd0, 0x00000000f2fa0000)
  to   space 4032K,   0% used [0x00000000f27c0000, 0x00000000f27c0000, 0x00000000f2bb0000)
 tenured generation   total 81024K, used 78151K [0x00000000f5aa0000, 0x00000000fa9c0000, 0x0000000100000000)
   the space 81024K,  96% used [0x00000000f5aa0000, 0x00000000fa6f1dd0, 0x00000000fa6f1e00, 0x00000000fa9c0000)
 Metaspace       used 29578K, capacity 29929K, committed 30080K, reserved 1073152K
  class space    used 5354K, capacity 5480K, committed 5504K, reserved 1048576K
}
Event: 15.633 GC heap before
{Heap before GC invocations=44 (full 5):
 def new generation   total 36544K, used 33403K [0x00000000f0800000, 0x00000000f2fa0000, 0x00000000f5aa0000)
  eden space 32512K, 100% used [0x00000000f0800000, 0x00000000f27c0000, 0x00000000f27c0000)
  from space 4032K,  22% used [0x00000000f2bb0000, 0x00000000f2c8efd0, 0x00000000f2fa0000)
  to   space 4032K,   0% used [0x00000000f27c0000, 0x00000000f27c0000, 0x00000000f2bb0000)
 tenured generation   total 81024K, used 78151K [0x00000000f5aa0000, 0x00000000fa9c0000, 0x0000000100000000)
   the space 81024K,  96% used [0x00000000f5aa0000, 0x00000000fa6f1dd0, 0x00000000fa6f1e00, 0x00000000fa9c0000)
 Metaspace       used 30915K, capacity 31361K, committed 31616K, reserved 1075200K
  class space    used 5625K, capacity 5745K, committed 5760K, reserved 1048576K
Event: 15.689 GC heap after
Heap after GC invocations=45 (full 6):
 def new generation   total 36544K, used 0K [0x00000000f0800000, 0x00000000f2fa0000, 0x00000000f5aa0000)
  eden space 32512K,   0% used [0x00000000f0800000, 0x00000000f0800000, 0x00000000f27c0000)
  from space 4032K,   0% used [0x00000000f27c0000, 0x00000000f27c0000, 0x00000000f2bb0000)
  to   space 4032K,   0% used [0x00000000f2bb0000, 0x00000000f2bb0000, 0x00000000f2fa0000)
 tenured generation   total 81024K, used 38375K [0x00000000f5aa0000, 0x00000000fa9c0000, 0x0000000100000000)
   the space 81024K,  47% used [0x00000000f5aa0000, 0x00000000f8019ed0, 0x00000000f801a000, 0x00000000fa9c0000)
 Metaspace       used 30915K, capacity 31361K, committed 31616K, reserved 1075200K
  class space    used 5625K, capacity 5745K, committed 5760K, reserved 1048576K
}
Event: 15.942 GC heap before
{Heap before GC invocations=45 (full 6):
 def new generation   total 36544K, used 32512K [0x00000000f0800000, 0x00000000f2fa0000, 0x00000000f5aa0000)
  eden space 32512K, 100% used [0x00000000f0800000, 0x00000000f27c0000, 0x00000000f27c0000)
  from space 4032K,   0% used [0x00000000f27c0000, 0x00000000f27c0000, 0x00000000f2bb0000)
  to   space 4032K,   0% used [0x00000000f2bb0000, 0x00000000f2bb0000, 0x00000000f2fa0000)
 tenured generation   total 81024K, used 38375K [0x00000000f5aa0000, 0x00000000fa9c0000, 0x0000000100000000)
   the space 81024K,  47% used [0x00000000f5aa0000, 0x00000000f8019ed0, 0x00000000f801a000, 0x00000000fa9c0000)
 Metaspace       used 31298K, capacity 31791K, committed 32000K, reserved 1075200K
  class space    used 5669K, capacity 5790K, committed 5888K, reserved 1048576K
Event: 15.954 GC heap after
Heap after GC invocations=46 (full 6):
 def new generation   total 36544K, used 4032K [0x00000000f0800000, 0x00000000f2fa0000, 0x00000000f5aa0000)
  eden space 32512K,   0% used [0x00000000f0800000, 0x00000000f0800000, 0x00000000f27c0000)
  from space 4032K, 100% used [0x00000000f2bb0000, 0x00000000f2fa0000, 0x00000000f2fa0000)
  to   space 4032K,   0% used [0x00000000f27c0000, 0x00000000f27c0000, 0x00000000f2bb0000)
 tenured generation   total 81024K, used 55187K [0x00000000f5aa0000, 0x00000000fa9c0000, 0x0000000100000000)
   the space 81024K,  68% used [0x00000000f5aa0000, 0x00000000f9084c88, 0x00000000f9084e00, 0x00000000fa9c0000)
 Metaspace       used 31298K, capacity 31791K, committed 32000K, reserved 1075200K
  class space    used 5669K, capacity 5790K, committed 5888K, reserved 1048576K
}
Event: 16.796 GC heap before
{Heap before GC invocations=46 (full 6):
 def new generation   total 36544K, used 29298K [0x00000000f0800000, 0x00000000f2fa0000, 0x00000000f5aa0000)
  eden space 32512K,  77% used [0x00000000f0800000, 0x00000000f20ac970, 0x00000000f27c0000)
  from space 4032K, 100% used [0x00000000f2bb0000, 0x00000000f2fa0000, 0x00000000f2fa0000)
  to   space 4032K,   0% used [0x00000000f27c0000, 0x00000000f27c0000, 0x00000000f2bb0000)
 tenured generation   total 81024K, used 55187K [0x00000000f5aa0000, 0x00000000fa9c0000, 0x0000000100000000)
   the space 81024K,  68% used [0x00000000f5aa0000, 0x00000000f9084c88, 0x00000000f9084e00, 0x00000000fa9c0000)
 Metaspace       used 31467K, capacity 31893K, committed 32000K, reserved 1075200K
  class space    used 5699K, capacity 5823K, committed 5888K, reserved 1048576K
Event: 16.807 GC heap after
Heap after GC invocations=47 (full 6):
 def new generation   total 36544K, used 222K [0x00000000f0800000, 0x00000000f2fa0000, 0x00000000f5aa0000)
  eden space 32512K,   0% used [0x00000000f0800000, 0x00000000f0800000, 0x00000000f27c0000)
  from space 4032K,   5% used [0x00000000f27c0000, 0x00000000f27f7bf0, 0x00000000f2bb0000)
  to   space 4032K,   0% used [0x00000000f2bb0000, 0x00000000f2bb0000, 0x00000000f2fa0000)
 tenured generation   total 81024K, used 69042K [0x00000000f5aa0000, 0x00000000fa9c0000, 0x0000000100000000)
   the space 81024K,  85% used [0x00000000f5aa0000, 0x00000000f9e0c980, 0x00000000f9e0ca00, 0x00000000fa9c0000)
 Metaspace       used 31467K, capacity 31893K, committed 32000K, reserved 1075200K
  class space    used 5699K, capacity 5823K, committed 5888K, reserved 1048576K
}
Event: 16.894 GC heap before
{Heap before GC invocations=47 (full 6):
 def new generation   total 36544K, used 32734K [0x00000000f0800000, 0x00000000f2fa0000, 0x00000000f5aa0000)
  eden space 32512K, 100% used [0x00000000f0800000, 0x00000000f27c0000, 0x00000000f27c0000)
  from space 4032K,   5% used [0x00000000f27c0000, 0x00000000f27f7bf0, 0x00000000f2bb0000)
  to   space 4032K,   0% used [0x00000000f2bb0000, 0x00000000f2bb0000, 0x00000000f2fa0000)
 tenured generation   total 81024K, used 69042K [0x00000000f5aa0000, 0x00000000fa9c0000, 0x0000000100000000)
   the space 81024K,  85% used [0x00000000f5aa0000, 0x00000000f9e0c980, 0x00000000f9e0ca00, 0x00000000fa9c0000)
 Metaspace       used 31528K, capacity 31963K, committed 32256K, reserved 1075200K
  class space    used 5703K, capacity 5824K, committed 5888K, reserved 1048576K

